0 info it worked if it ends with ok
1 verbose cli [ '/usr/local/bin/node',
1 verbose cli   '/usr/local/bin/npm',
1 verbose cli   'install',
1 verbose cli   '-g',
1 verbose cli   'npm@lates' ]
2 info using npm@2.14.7
3 info using node@v4.2.3
4 verbose install initial load of /usr/local/lib/package.json
5 verbose readDependencies loading dependencies from /usr/local/lib/package.json
6 silly cache add args [ 'npm@lates', null ]
7 verbose cache add spec npm@lates
8 silly cache add parsed spec Result {
8 silly cache add   raw: 'npm@lates',
8 silly cache add   scope: null,
8 silly cache add   name: 'npm',
8 silly cache add   rawSpec: 'lates',
8 silly cache add   spec: 'lates',
8 silly cache add   type: 'tag' }
9 silly addNamed npm@lates
10 verbose addNamed "lates" is being treated as a dist-tag for npm
11 info addNameTag [ 'npm', 'lates' ]
12 silly mapToRegistry name npm
13 silly mapToRegistry using default registry
14 silly mapToRegistry registry https://registry.npmjs.org/
15 silly mapToRegistry uri https://registry.npmjs.org/npm
16 verbose addNameTag registry:https://registry.npmjs.org/npm not in flight; fetching
17 verbose request uri https://registry.npmjs.org/npm
18 verbose request no auth needed
19 info attempt registry request try #1 at 1:59:41 PM
20 verbose request id ee0498488af30882
21 http request GET https://registry.npmjs.org/npm
22 http 200 https://registry.npmjs.org/npm
23 verbose headers { server: 'nginx/1.10.1',
23 verbose headers   'content-type': 'application/json',
23 verbose headers   'last-modified': 'Sat, 22 Apr 2017 02:23:20 GMT',
23 verbose headers   etag: 'W/"58fabe98-610cdb"',
23 verbose headers   'content-encoding': 'gzip',
23 verbose headers   'cache-control': 'max-age=300',
23 verbose headers   'content-length': '459249',
23 verbose headers   'accept-ranges': 'bytes',
23 verbose headers   date: 'Tue, 02 May 2017 18:59:41 GMT',
23 verbose headers   via: '1.1 varnish',
23 verbose headers   age: '260',
23 verbose headers   connection: 'keep-alive',
23 verbose headers   'x-served-by': 'cache-dfw1832-DFW',
23 verbose headers   'x-cache': 'HIT',
23 verbose headers   'x-cache-hits': '2',
23 verbose headers   'x-timer': 'S1493751581.344120,VS0,VE0',
23 verbose headers   vary: 'Accept-Encoding' }
24 silly get cb [ 200,
24 silly get   { server: 'nginx/1.10.1',
24 silly get     'content-type': 'application/json',
24 silly get     'last-modified': 'Sat, 22 Apr 2017 02:23:20 GMT',
24 silly get     etag: 'W/"58fabe98-610cdb"',
24 silly get     'content-encoding': 'gzip',
24 silly get     'cache-control': 'max-age=300',
24 silly get     'content-length': '459249',
24 silly get     'accept-ranges': 'bytes',
24 silly get     date: 'Tue, 02 May 2017 18:59:41 GMT',
24 silly get     via: '1.1 varnish',
24 silly get     age: '260',
24 silly get     connection: 'keep-alive',
24 silly get     'x-served-by': 'cache-dfw1832-DFW',
24 silly get     'x-cache': 'HIT',
24 silly get     'x-cache-hits': '2',
24 silly get     'x-timer': 'S1493751581.344120,VS0,VE0',
24 silly get     vary: 'Accept-Encoding' } ]
25 verbose get saving npm to /Users/ricky/.npm/registry.npmjs.org/npm/.cache.json
26 silly addNameTag next cb for npm with tag lates
27 verbose stack Error: No compatible version found: npm@'lates'
27 verbose stack Valid install targets:
27 verbose stack ["1.1.25","1.2.32","1.3.2","1.3.4","1.2.20","1.2.21","1.2.22","1.2.23","1.2.24","1.2.25","1.2.27","1.2.28","1.2.30","1.2.31","1.3.0","1.3.1","1.2.19","1.1.70","1.1.71","1.3.5","1.3.6","1.3.7","1.3.8","1.3.9","1.3.10","1.3.11","1.3.12","1.3.13","1.3.14","1.3.15","1.3.16","1.3.17","1.3.18","1.3.20","1.3.21","1.3.22","1.3.23","1.3.24","1.3.25","1.3.26","1.4.0","1.4.1","1.4.2","1.4.3","1.4.4","1.4.5","1.4.6","1.4.7","1.4.8","1.4.9","1.4.10","1.4.11","1.4.12","1.4.13","1.4.14","1.4.15","1.4.16","1.2.8000","1.4.17","1.4.18","1.4.19","1.5.0-alpha-0","1.5.0-alpha-1","1.4.20","1.5.0-alpha-2","1.4.21","1.5.0-alpha-3","1.5.0-alpha-4","2.0.0-alpha-5","1.4.22","1.4.23","2.0.0-alpha.6.0","1.4.24","2.0.0-alpha.6","2.0.0-alpha.7","2.0.0-beta.0","1.4.25","2.0.0-beta.1","1.4.26","2.0.0-beta.2","1.4.27","2.0.0-beta.3","1.4.28","2.0.0","2.0.1","2.0.2","2.1.0","2.1.1","2.1.2","2.1.3","2.1.4","2.1.5","2.1.6","2.1.7","2.1.8","2.1.9","2.1.10","2.1.11","2.1.12","2.1.13","2.1.14","2.1.15","2.1.16","2.1.17","2.1.18","2.2.0","2.3.0","2.4.0","2.4.1","2.5.0","2.5.1","2.6.0","2.6.1","2.7.0","2.7.1","2.7.2","2.7.3","2.7.4","2.7.5","2.7.6","2.8.0","2.8.1","2.8.2","2.8.3","2.8.4","2.9.0","2.9.1","2.10.0","2.10.1","2.11.0","2.11.1","2.11.2","2.11.3","2.12.0","3.0.0","2.12.1","2.13.0","3.1.0","2.13.1","3.1.1","3.1.2","2.13.2","3.1.3","2.13.3","3.2.0","2.13.4","3.2.1","2.13.5","3.2.2","2.14.0","3.3.0","2.14.1","2.14.2","3.3.1","2.14.3","3.3.2","2.14.4","3.3.3","2.14.5","3.3.4","2.14.6","3.3.5","3.3.6","2.14.7","2.14.8","3.3.7","3.3.8","3.3.9","3.3.10","2.14.9","3.3.11","1.4.29","3.3.12","2.14.10","3.4.0","3.4.1","2.14.11","2.14.12","3.5.0","3.5.1","2.14.13","2.14.14","3.5.2","2.14.15","3.5.3","3.5.4","3.6.0","2.14.16","2.14.17","3.7.0","3.7.1","3.7.2","2.14.18","3.7.3","2.14.19","2.14.20","3.7.4","3.7.5","2.14.21","3.8.0","2.14.22","3.8.1","3.8.2","2.15.0","2.15.1","3.8.3","2.15.2","3.8.4","3.8.5","3.8.6","2.15.3","3.8.7","2.15.4","3.8.8","3.8.9","2.15.5","3.9.0","3.9.1","2.15.6","3.9.2","3.9.3","3.9.4","3.9.5","3.9.6","3.10.0","2.15.7","3.10.1","2.15.8","3.10.2","3.10.3","3.10.4","2.15.9","3.10.5","3.10.6","3.10.7","2.15.10","3.10.8","2.15.11","3.10.9","4.0.0","4.0.1","4.0.2","3.10.10","4.0.3","4.0.5","4.1.0","4.1.1","4.1.2","4.2.0","4.3.0","4.4.0","4.4.1","4.4.2","4.4.3","4.4.4","4.5.0","2.15.12","4.6.0","4.6.1"]
27 verbose stack
27 verbose stack     at installTargetsError (/usr/local/lib/node_modules/npm/lib/cache/add-named.js:284:12)
27 verbose stack     at next (/usr/local/lib/node_modules/npm/lib/cache/add-named.js:94:10)
27 verbose stack     at RES (/usr/local/lib/node_modules/npm/node_modules/inflight/inflight.js:23:14)
27 verbose stack     at f (/usr/local/lib/node_modules/npm/node_modules/once/once.js:17:25)
27 verbose stack     at fixName (/usr/local/lib/node_modules/npm/lib/cache/add-named.js:29:5)
27 verbose stack     at saved (/usr/local/lib/node_modules/npm/lib/cache/caching-client.js:173:7)
27 verbose stack     at /usr/local/lib/node_modules/npm/node_modules/graceful-fs/polyfills.js:210:7
27 verbose stack     at FSReqWrap.oncomplete (fs.js:82:15)
28 verbose cwd /Users/ricky/Sites/example.com/site
29 error Darwin 15.5.0
30 error argv "/usr/local/bin/node" "/usr/local/bin/npm" "install" "-g" "npm@lates"
31 error node v4.2.3
32 error npm  v2.14.7
33 error code ETARGET
34 error notarget No compatible version found: npm@'lates'
34 error notarget Valid install targets:
34 error notarget ["1.1.25","1.2.32","1.3.2","1.3.4","1.2.20","1.2.21","1.2.22","1.2.23","1.2.24","1.2.25","1.2.27","1.2.28","1.2.30","1.2.31","1.3.0","1.3.1","1.2.19","1.1.70","1.1.71","1.3.5","1.3.6","1.3.7","1.3.8","1.3.9","1.3.10","1.3.11","1.3.12","1.3.13","1.3.14","1.3.15","1.3.16","1.3.17","1.3.18","1.3.20","1.3.21","1.3.22","1.3.23","1.3.24","1.3.25","1.3.26","1.4.0","1.4.1","1.4.2","1.4.3","1.4.4","1.4.5","1.4.6","1.4.7","1.4.8","1.4.9","1.4.10","1.4.11","1.4.12","1.4.13","1.4.14","1.4.15","1.4.16","1.2.8000","1.4.17","1.4.18","1.4.19","1.5.0-alpha-0","1.5.0-alpha-1","1.4.20","1.5.0-alpha-2","1.4.21","1.5.0-alpha-3","1.5.0-alpha-4","2.0.0-alpha-5","1.4.22","1.4.23","2.0.0-alpha.6.0","1.4.24","2.0.0-alpha.6","2.0.0-alpha.7","2.0.0-beta.0","1.4.25","2.0.0-beta.1","1.4.26","2.0.0-beta.2","1.4.27","2.0.0-beta.3","1.4.28","2.0.0","2.0.1","2.0.2","2.1.0","2.1.1","2.1.2","2.1.3","2.1.4","2.1.5","2.1.6","2.1.7","2.1.8","2.1.9","2.1.10","2.1.11","2.1.12","2.1.13","2.1.14","2.1.15","2.1.16","2.1.17","2.1.18","2.2.0","2.3.0","2.4.0","2.4.1","2.5.0","2.5.1","2.6.0","2.6.1","2.7.0","2.7.1","2.7.2","2.7.3","2.7.4","2.7.5","2.7.6","2.8.0","2.8.1","2.8.2","2.8.3","2.8.4","2.9.0","2.9.1","2.10.0","2.10.1","2.11.0","2.11.1","2.11.2","2.11.3","2.12.0","3.0.0","2.12.1","2.13.0","3.1.0","2.13.1","3.1.1","3.1.2","2.13.2","3.1.3","2.13.3","3.2.0","2.13.4","3.2.1","2.13.5","3.2.2","2.14.0","3.3.0","2.14.1","2.14.2","3.3.1","2.14.3","3.3.2","2.14.4","3.3.3","2.14.5","3.3.4","2.14.6","3.3.5","3.3.6","2.14.7","2.14.8","3.3.7","3.3.8","3.3.9","3.3.10","2.14.9","3.3.11","1.4.29","3.3.12","2.14.10","3.4.0","3.4.1","2.14.11","2.14.12","3.5.0","3.5.1","2.14.13","2.14.14","3.5.2","2.14.15","3.5.3","3.5.4","3.6.0","2.14.16","2.14.17","3.7.0","3.7.1","3.7.2","2.14.18","3.7.3","2.14.19","2.14.20","3.7.4","3.7.5","2.14.21","3.8.0","2.14.22","3.8.1","3.8.2","2.15.0","2.15.1","3.8.3","2.15.2","3.8.4","3.8.5","3.8.6","2.15.3","3.8.7","2.15.4","3.8.8","3.8.9","2.15.5","3.9.0","3.9.1","2.15.6","3.9.2","3.9.3","3.9.4","3.9.5","3.9.6","3.10.0","2.15.7","3.10.1","2.15.8","3.10.2","3.10.3","3.10.4","2.15.9","3.10.5","3.10.6","3.10.7","2.15.10","3.10.8","2.15.11","3.10.9","4.0.0","4.0.1","4.0.2","3.10.10","4.0.3","4.0.5","4.1.0","4.1.1","4.1.2","4.2.0","4.3.0","4.4.0","4.4.1","4.4.2","4.4.3","4.4.4","4.5.0","2.15.12","4.6.0","4.6.1"]
34 error notarget
34 error notarget This is most likely not a problem with npm itself.
34 error notarget In most cases you or one of your dependencies are requesting
34 error notarget a package version that doesn't exist.
35 verbose exit [ 1, true ]
